<?xml version="1.0" encoding="UTF-8"?>
<testsuite name="CalculatorTest" tests="1" skipped="0" failures="0" errors="0" timestamp="2023-03-28T16:08:09" hostname="DESKTOP-JJSJLUS" time="0.013">
  <properties/>
  <testcase name="allTaxTest()" classname="CalculatorTest" time="0.013"/>
  <system-out><![CDATA[]]></system-out>
  <system-err><![CDATA[]]></system-err>
</testsuite>
